   OVERFLOW/OVERFLOW-D  --  OVERLAPPED GRID FLOW SOLVER
             VERSION 2.2l   23 February 2016        


     Compiled for DOUBLE PRECISION


 Compile time: Tue Nov 15 15:59:27 PST 2016                     

 Code was compiled with the following:
 F90     = gfortran
 F90FLAGS= -O3 -g -ffast-math -funroll-all-loops -frecord-marker=4 -J/home/sheida/OVERFLOW/over2.2l/modules -fconvert=little-endian
 CC      = gcc
 CFLAGS  = -O3 -g
 CPP     =
 CPPFLAGS= -DD_PRECISION

 Current time: Jan 17 11:54:12 2017




 ** ASSUMING THIS IS NOT AN OVERFLOW-D RUN
    (COULD NOT FIND NAMELIST $OMIGLB).

 ** NOTE ** (NGLVL) NUMBER OF GRID LEVELS MUST BE => 1 (CORRECTED).

 GLOBAL PARAMETERS                        ($GLOBAL)
    USE grdwghts.restart FOR LOAD BALANCE? (GRDWTS) = F
    MAXIMUM GRID SIZE               (MAX_GRID_SIZE) =            0
    RUNNING CDISC INVERSE DESIGN?          (CDISC ) = F
    SUPPRESS WRITING q.bomb FILE?          (NOBOMB) = F
    CONSERVE MEMORY?                 (CONSERVE_MEM) = F
    DEBUG OPTION (0-4)                     (DEBUG ) =     0
    NUMBER OF STEPS                        (NSTEPS) =           10
    READ RESTART FILE?                     (RESTRT) = F
    SAVE RESTART FILE EVERY                (NSAVE )           5000 STEPS
    2ND-ORDER Q RESTART OPTION       (SAVE_HIORDER) =            2
    START Q AVERAGING AT STEP         (ISTART_QAVG) =            0
    WALL DISTANCE OPTION (0-2)           (WALLDIST) =            2
    RECOMPUTE WALL DISTANCE EVERY          (NWALL ) =           10 STEPS
    FLUSH HISTORY FILE OUTPUT EVERY        (NFLUSH)            100 STEPS
    COMPUTE FORCE/MOMENT COEFS EVERY       (NFOMO )              1 STEPS
    TURBULENCE MODEL TYPE                  (NQT)    =   102
    NUMBER OF SPECIES                      (NQC)    =     0
    USE MULTIGRID?                         (MULTIG) = F
    USE FULL MULTIGRID?                    (FMG)    = F
    NO. OF GRID LEVELS (IF MULTIG=.T.)     (NGLVL)  =     1
    NO. OF FMG CYCLES (IF FMG=.T.)         (FMGCYC) = 
    START TIME (NON-DIM BY V_REF)          (TPHYS)  =  -999.00    
    PHYSICAL TIMESTEP (NON-DIM BY V_REF)   (DTPHYS) =   0.0000    
    MULTI-STAGE TIME ADVANCE METHOD (0-6)  (NDIRK)  =     0
    NUMBER OF NEWTON/DUAL SUBITERS         (NITNWT) =     0
    TEMPORAL ORDER NEWTON/DUAL SUB (0-3)   (FSONWT) =      2.00000
    ORDER CONVERGENCE FOR NEWTON/DUAL SUB  (ORDNWT) =      0.00000
    COORD SYSTEM ROTATION SPEED            (RF)     =   0.0000    
    COORD SYSTEM ROTATION AXIS             (RFAXIS) =     3
    PBS TIME LIMIT RESERVE FACTOR   (STOPTIME_STEPX)=      1.50000 x MAX STEP
    PBS TIME LIMIT RESERVE TIME     (STOPTIME_SEC)  =   0.0000     SEC

 ** WARNING ** (RETINF) OLD INPUT VARIABLE HAS BEEN REPLACED BY MUTINF.
               SETTING MUTINF TO   10.00000

 FLOW CONDITIONS                          ($FLOINP)
    ANGLE OF ATTACK (DEG)                  (ALPHA ) =    6.00000
    SIDESLIP        (DEG)                  (BETA  ) =    0.00000
    REFERENCE  MACH NUMBER                 (REFMACH)=    0.18500
    FREESTREAM MACH NUMBER                 (FSMACH) =    0.18500
    SPECIFIC HEAT RATIO                    (GAMINF) =    1.40000
    REYNOLDS NUMBER                        (REY   ) =  2.51000E+06
    PRANDTL NUMBER                         (PR    ) =    0.70000
    TURBULENT PRANDTL NUMBER               (PRT   ) =    0.92000
    FREESTREAM TEMP (DEG R)                (TINF  ) =  518.70000
    FREESTREAM TURB LEVEL (MU_T/MU_L)      (MUTINF) =   10.00000
    FREESTREAM KINETIC ENERGY (K/VREF^2)   (XKINF ) =  5.00000E-05
    USE TARGET CL DRIVER?                  (TARGCL) =     F

 VARIABLE GAMMA / MULTIPLE SPECIES        ($VARGAM)
    GAMMA CALCULATION METHOD (0-2)         (IGAM  ) =     0
    TOTAL ENTHALPY RATIO FOR ALL GAS 1     (HT1   ) =   10.00000
    TOTAL ENTHALPY RATIO FOR ALL GAS 2     (HT2   ) =   10.00000

 ** WARNING ** (MUTINF) SPECIFIED FREESTREAM TURBULENCE LEVEL EXCEEDS
               RECOMMENDED MAXIMUM OF    1.00000


 ** NOTE ** (FSOT) 1-EQ TURBULENCE MODELS HARD-WIRED TO 1ST-ORDER.

 INPUTS FOR GRID     1:

    GRID NAME                             ($GRDNAM)
         main                                (NAME  )

    NUMBER OF TIME STEPS / ITERATIONS     ($NITERS)
         ITERATIONS PER STEP                 (ITER  ) =     1

    METHOD CONTROL PARAMETERS             ($METPRM)
         RIGHT-HAND-SIDE OPTION FLAG         (IRHS  ) =     0
         LEFT-HAND-SIDE OPTION FLAG          (ILHS  ) =     2
         LEFT-HAND-SIDE SUBITERATIONS        (ILHSIT) =     1
         DISSIPATION OPTION FLAG             (IDISS ) =     4
         UPWIND LIMITER OPTION FLAG          (ILIMIT) =     1
         LOW-MACH PRECONDITIONING PARAMETER  (BIMIN ) =   1.0000    
         SSOR RELAXATION FACTOR           (SSOR_RELAX)=      0.90000
         LOCAL MULTIGRID OPTION              (MULTIG) = F
         Q-UPDATE LIMITING                  (Q_LIMIT) = T
         PROLONGATION SMOOTHING PARAMETERS   (SMOOPJ) =      0.00000
               (IF MULTIG=.T.)               (SMOOPK) =      0.00000
                                             (SMOOPL) =      0.00000
         CORRECTION SMOOTHING PARAMETERS     (SMOOCJ) =      0.00000
               (IF MULTIG=.T.)               (SMOOCK) =      0.00000
                                             (SMOOCL) =      0.00000
         RESIDUAL SMOOTHING PARAMETERS       (SMOORJ) =      0.00000
               (IF MULTIG=.T.)               (SMOORK) =      0.00000
                                             (SMOORL) =      0.00000
         USE VISCOUS TERMS ON COARSE LEVELS? (CORSVI) = T
         RECOMPUTE MU_T ON FINEST LEVEL?     (RECMUT) = F

    TIME STEP/ACCURACY PARAMETERS         ($TIMACU)
         TIME STEP SCALING OPTION FLAG (0-3) (ITIME ) =     4
         RELAXATION FACTOR OPTION FLAG (0-1) (IRELAX) =     0
         TIME STEP                           (DT    ) =  0.50000    
         FIRST/SECOND ORDER IN TIME (1-2)    (TFOSO ) =      1.00000
         MINIMUM CFL NUMBER                  (CFLMIN) =      2.00000
         MAXIMUM CFL NUMBER                  (CFLMAX) =     10.00000

    SPATIAL SMOOTHING/ACCURACY PARAMETERS ($SMOACU)
         SPECTRAL RAD SMOOTHING (-1,1,2,3)   (ISPECJ) =     2
                                             (ISPECK) =     2
                                             (ISPECL) =     2
         SPECTRAL RAD VS VEL SMOOTHING (0-1) (SMOO  ) =      0.00000
         2ND O SMOOTHING COEFS (ARC3D-TYPE)  (DIS2J ) =      0.00000
                                             (DIS2K ) =      0.00000
                                             (DIS2L ) =      0.00000
         4TH O SMOOTHING COEFS (ARC3D-TYPE)  (DIS4J ) =      0.02000
                                             (DIS4K ) =      0.02000
                                             (DIS4L ) =      0.02000
         CENTRAL DIFF SMOOTHING (F3D-TYPE)   (EPSE  ) =      0.05000
         LU-SGS SPECTRAL RADIUS EPSILON      (EPSSGS) =      0.02000
         ROE LIMITER FIX PARAMETER           (DELTA ) =      1.00000
         CONVECTION SPATIAL DIFF ORDER (1-6) (FSO   ) =      4.00000
         MATRIX DISSIPATION LINEAR LIMIT     (VEPSL ) =      0.00000
         MATRIX DISSIPATION NONLIN LIMIT     (VEPSN ) =      0.00000
         USE ROE AVERAGE IN MATRIX DISSIP?   (ROEAVG) = F
         SPATIAL FILTERING (0,3,5)           (FILTER) =     0

    VISCOUS/INVISCID FLAGS                ($VISINP)
         INCLUDE VISCOUS TERMS IN  J?        (VISCJ ) = T
                                   K?        (VISCK ) = T
                                   L?        (VISCL ) = T
         INCLUDE VISCOUS CROSS TERMS?        (VISCX ) = T
         QCR CONSTANT                        (CNL1  ) =      0.00000
         USE WALL FUNCTIONS FOR VISC WALLS? (WALLFUN) = F

    TURBULENT SURFACE SPECS               ($VISINP)
         NUMBER OF TURBULENT SURFACE SPECS   (NTURB ) =  -999

    TURBULENCE MODEL PARAMETERS           ($VISINP)
         ITERATIONS PER FLOW SOLVER ITERATION(ITERT ) =     1
         LEFT-HAND-SIDE SUBITERATIONS        (ITLHIT) =     3
         LOCAL TIME STEP CONSTANT            (CFLT  ) =      1.00000
         CONVECTION SPATIAL DIFF ORDER (1-3) (FSOT  ) =      2.00000
         TURB EDDY VISCOSITY LIMIT (0=NONE)(MUT_LIMIT)=  0.20000E+06
         USE DETACHED-EDDY SIMULATION   (0-3)(IDES  ) =     0
         ROTATIONAL/CURVATURE CORRECTION(0-2)(IRC   ) =     0
         COMPRESSIBILITY CORRECTION     (0-1)(ICC   ) =     1
         TEMPERATURE CORRECTION         (0-1)(ITC   ) =     0
         STRAIN/VORTICITY OPTION        (0-2)(ISTRAIN)=     0

    BOUNDARY CONDITION SPECS              ($BCINP )
         NUMBER OF BOUNDARY CONDITION SPECS  (NBC   ) =  -999

    SPECIES CONTINUITY EQN PARAMETERS     ($SCEINP)
         ITERATIONS PER FLOW SOLVER ITERATION(ITERC ) =     1
         LEFT-HAND-SIDE SUBITERATIONS        (ITLHIC) =     1
         LOCAL TIME STEP CONSTANT            (CFLC  ) =      1.00000
         UPWIND DIFFERENCING FLAG (0-2)      (IUPC  ) =     1
         CONVECTION SPATIAL DIFF ORDER (1-5) (FSOC  ) =      3.00000
         2ND O SMOOTHING COEF (ARC3D-TYPE)   (DIS2C ) =      2.00000
         4TH O SMOOTHING COEF (ARC3D-TYPE)   (DIS4C ) =      0.04000

 GRID SIZE FOR GRID     1:

    NUMBER OF POINTS IN J  (JD    ) =  1131
                        K  (KD    ) =     3
                        L  (LD    ) =   113

 CHECKING TIME STEP SPECIFICATION FOR GRID     1:

    RUNNING NON-TIME-ACCURATE
    USING ROBUST TIME-STEP MODIFICATION
       WITH     CFLMIN =   2.0000    
       FOR MIN FACTOR OF  0.20000    
       (SET CFLMIN=CFLMAX TO DISABLE)

 CHECKING BOUNDARY CONDITIONS FOR GRID     1:

      1)  BOUNDARY CONDITION TYPE#     5     DIRECTION     3
       VISCOUS ADIABATIC SOLID WALL  (PRESSURE EXTRAPOLATION)
       DIR= 3    J-RANGE=  100 1032    K-RANGE=    1    3    L-RANGE=    1    1
      2)  BOUNDARY CONDITION TYPE#    51     DIRECTION     3
       C-GRID FLOW-THROUGH (ONE SIDE) (J IS C-DIRECTION)
       DIR= 3    J-RANGE=    1   99    K-RANGE=    1    3    L-RANGE=    1    1
      3)  BOUNDARY CONDITION TYPE#    21     DIRECTION     2
       2D CONDITION IN Y, IN K
       DIR= 2    J-RANGE=    1 1131    K-RANGE=    1    1    L-RANGE=    1  113

 CHECKING VISCOUS AND TURBULENCE MODELING SPECIFICATIONS FOR GRID     1:

    SPALART-ALLMARAS 1-EQUATION TURBULENCE MODEL SELECTED (SA-noft2)

 ** NOTE ** (VISCK) K-DIRECTION VISCOUS TERMS TURNED OFF BECAUSE
                    GRID IS 2D IN K.

 ** NOTE ** (ICC) COMPRESSIBILITY CORRECTION NOT IMPLEMENTED
            FOR THIS MODEL (IGNORED).


    INCLUDE VISCOUS TERMS IN J-DIRECTION
    NO      VISCOUS TERMS IN K-DIRECTION
    INCLUDE VISCOUS TERMS IN L-DIRECTION
    NO      VISCOUS CROSS TERMS IN JK-DIRECTION
    INCLUDE VISCOUS CROSS TERMS IN JL-DIRECTION
    NO      VISCOUS CROSS TERMS IN KL-DIRECTION


 ** NOTE ** (FSOT) 1-EQ TURBULENCE MODELS HARD-WIRED TO 1ST-ORDER.

 INPUTS FOR GRID     2:

    GRID NAME                             ($GRDNAM)
         flap                                (NAME  )

    NUMBER OF TIME STEPS / ITERATIONS     ($NITERS)
         ITERATIONS PER STEP                 (ITER  ) =     1

    METHOD CONTROL PARAMETERS             ($METPRM)
         RIGHT-HAND-SIDE OPTION FLAG         (IRHS  ) =     0
         LEFT-HAND-SIDE OPTION FLAG          (ILHS  ) =     2
         LEFT-HAND-SIDE SUBITERATIONS        (ILHSIT) =     1
         DISSIPATION OPTION FLAG             (IDISS ) =     4
         UPWIND LIMITER OPTION FLAG          (ILIMIT) =     1
         LOW-MACH PRECONDITIONING PARAMETER  (BIMIN ) =   1.0000    
         SSOR RELAXATION FACTOR           (SSOR_RELAX)=      0.90000
         LOCAL MULTIGRID OPTION              (MULTIG) = F
         Q-UPDATE LIMITING                  (Q_LIMIT) = T
         PROLONGATION SMOOTHING PARAMETERS   (SMOOPJ) =      0.00000
               (IF MULTIG=.T.)               (SMOOPK) =      0.00000
                                             (SMOOPL) =      0.00000
         CORRECTION SMOOTHING PARAMETERS     (SMOOCJ) =      0.00000
               (IF MULTIG=.T.)               (SMOOCK) =      0.00000
                                             (SMOOCL) =      0.00000
         RESIDUAL SMOOTHING PARAMETERS       (SMOORJ) =      0.00000
               (IF MULTIG=.T.)               (SMOORK) =      0.00000
                                             (SMOORL) =      0.00000
         USE VISCOUS TERMS ON COARSE LEVELS? (CORSVI) = T
         RECOMPUTE MU_T ON FINEST LEVEL?     (RECMUT) = F

    TIME STEP/ACCURACY PARAMETERS         ($TIMACU)
         TIME STEP SCALING OPTION FLAG (0-3) (ITIME ) =     4
         RELAXATION FACTOR OPTION FLAG (0-1) (IRELAX) =     0
         TIME STEP                           (DT    ) =  0.50000    
         FIRST/SECOND ORDER IN TIME (1-2)    (TFOSO ) =      1.00000
         MINIMUM CFL NUMBER                  (CFLMIN) =      2.00000
         MAXIMUM CFL NUMBER                  (CFLMAX) =     10.00000

    SPATIAL SMOOTHING/ACCURACY PARAMETERS ($SMOACU)
         SPECTRAL RAD SMOOTHING (-1,1,2,3)   (ISPECJ) =     2
                                             (ISPECK) =     2
                                             (ISPECL) =     2
         SPECTRAL RAD VS VEL SMOOTHING (0-1) (SMOO  ) =      0.00000
         2ND O SMOOTHING COEFS (ARC3D-TYPE)  (DIS2J ) =      0.00000
                                             (DIS2K ) =      0.00000
                                             (DIS2L ) =      0.00000
         4TH O SMOOTHING COEFS (ARC3D-TYPE)  (DIS4J ) =      0.02000
                                             (DIS4K ) =      0.02000
                                             (DIS4L ) =      0.02000
         CENTRAL DIFF SMOOTHING (F3D-TYPE)   (EPSE  ) =      0.05000
         LU-SGS SPECTRAL RADIUS EPSILON      (EPSSGS) =      0.02000
         ROE LIMITER FIX PARAMETER           (DELTA ) =      1.00000
         CONVECTION SPATIAL DIFF ORDER (1-6) (FSO   ) =      4.00000
         MATRIX DISSIPATION LINEAR LIMIT     (VEPSL ) =      0.00000
         MATRIX DISSIPATION NONLIN LIMIT     (VEPSN ) =      0.00000
         USE ROE AVERAGE IN MATRIX DISSIP?   (ROEAVG) = F
         SPATIAL FILTERING (0,3,5)           (FILTER) =     0

    VISCOUS/INVISCID FLAGS                ($VISINP)
         INCLUDE VISCOUS TERMS IN  J?        (VISCJ ) = T
                                   K?        (VISCK ) = T
                                   L?        (VISCL ) = T
         INCLUDE VISCOUS CROSS TERMS?        (VISCX ) = T
         QCR CONSTANT                        (CNL1  ) =      0.00000
         USE WALL FUNCTIONS FOR VISC WALLS? (WALLFUN) = F

    TURBULENT SURFACE SPECS               ($VISINP)
         NUMBER OF TURBULENT SURFACE SPECS   (NTURB ) =  -999

    TURBULENCE MODEL PARAMETERS           ($VISINP)
         ITERATIONS PER FLOW SOLVER ITERATION(ITERT ) =     1
         LEFT-HAND-SIDE SUBITERATIONS        (ITLHIT) =     3
         LOCAL TIME STEP CONSTANT            (CFLT  ) =      1.00000
         CONVECTION SPATIAL DIFF ORDER (1-3) (FSOT  ) =      2.00000
         TURB EDDY VISCOSITY LIMIT (0=NONE)(MUT_LIMIT)=  0.20000E+06
         USE DETACHED-EDDY SIMULATION   (0-3)(IDES  ) =     0
         ROTATIONAL/CURVATURE CORRECTION(0-2)(IRC   ) =     0
         COMPRESSIBILITY CORRECTION     (0-1)(ICC   ) =     0
         TEMPERATURE CORRECTION         (0-1)(ITC   ) =     0
         STRAIN/VORTICITY OPTION        (0-2)(ISTRAIN)=     0

    BOUNDARY CONDITION SPECS              ($BCINP )
         NUMBER OF BOUNDARY CONDITION SPECS  (NBC   ) =  -999

    SPECIES CONTINUITY EQN PARAMETERS     ($SCEINP)
         ITERATIONS PER FLOW SOLVER ITERATION(ITERC ) =     1
         LEFT-HAND-SIDE SUBITERATIONS        (ITLHIC) =     1
         LOCAL TIME STEP CONSTANT            (CFLC  ) =      1.00000
         UPWIND DIFFERENCING FLAG (0-2)      (IUPC  ) =     1
         CONVECTION SPATIAL DIFF ORDER (1-5) (FSOC  ) =      3.00000
         2ND O SMOOTHING COEF (ARC3D-TYPE)   (DIS2C ) =      2.00000
         4TH O SMOOTHING COEF (ARC3D-TYPE)   (DIS4C ) =      0.04000

 GRID SIZE FOR GRID     2:

    NUMBER OF POINTS IN J  (JD    ) =   559
                        K  (KD    ) =     3
                        L  (LD    ) =   113

 CHECKING TIME STEP SPECIFICATION FOR GRID     2:

    RUNNING NON-TIME-ACCURATE
    USING ROBUST TIME-STEP MODIFICATION
       WITH     CFLMIN =   2.0000    
       FOR MIN FACTOR OF  0.20000    
       (SET CFLMIN=CFLMAX TO DISABLE)

 CHECKING BOUNDARY CONDITIONS FOR GRID     2:

      1)  BOUNDARY CONDITION TYPE#     5     DIRECTION     3
       VISCOUS ADIABATIC SOLID WALL  (PRESSURE EXTRAPOLATION)
       DIR= 3    J-RANGE=  100  460    K-RANGE=    1    3    L-RANGE=    1    1
      2)  BOUNDARY CONDITION TYPE#    51     DIRECTION     3
       C-GRID FLOW-THROUGH (ONE SIDE) (J IS C-DIRECTION)
       DIR= 3    J-RANGE=    1   99    K-RANGE=    1    3    L-RANGE=    1    1
      3)  BOUNDARY CONDITION TYPE#    21     DIRECTION     2
       2D CONDITION IN Y, IN K
       DIR= 2    J-RANGE=    1  559    K-RANGE=    1    1    L-RANGE=    1  113

 CHECKING VISCOUS AND TURBULENCE MODELING SPECIFICATIONS FOR GRID     2:

    SPALART-ALLMARAS 1-EQUATION TURBULENCE MODEL SELECTED (SA-noft2)

 ** NOTE ** (VISCK) K-DIRECTION VISCOUS TERMS TURNED OFF BECAUSE
                    GRID IS 2D IN K.


    INCLUDE VISCOUS TERMS IN J-DIRECTION
    NO      VISCOUS TERMS IN K-DIRECTION
    INCLUDE VISCOUS TERMS IN L-DIRECTION
    NO      VISCOUS CROSS TERMS IN JK-DIRECTION
    INCLUDE VISCOUS CROSS TERMS IN JL-DIRECTION
    NO      VISCOUS CROSS TERMS IN KL-DIRECTION


 ** NOTE ** (FSOT) 1-EQ TURBULENCE MODELS HARD-WIRED TO 1ST-ORDER.

 INPUTS FOR GRID     3:

    GRID NAME                             ($GRDNAM)
         boxinner                            (NAME  )

    NUMBER OF TIME STEPS / ITERATIONS     ($NITERS)
         ITERATIONS PER STEP                 (ITER  ) =     1

    METHOD CONTROL PARAMETERS             ($METPRM)
         RIGHT-HAND-SIDE OPTION FLAG         (IRHS  ) =     0
         LEFT-HAND-SIDE OPTION FLAG          (ILHS  ) =     2
         LEFT-HAND-SIDE SUBITERATIONS        (ILHSIT) =     1
         DISSIPATION OPTION FLAG             (IDISS ) =     4
         UPWIND LIMITER OPTION FLAG          (ILIMIT) =     1
         LOW-MACH PRECONDITIONING PARAMETER  (BIMIN ) =   1.0000    
         SSOR RELAXATION FACTOR           (SSOR_RELAX)=      0.90000
         LOCAL MULTIGRID OPTION              (MULTIG) = F
         Q-UPDATE LIMITING                  (Q_LIMIT) = T
         PROLONGATION SMOOTHING PARAMETERS   (SMOOPJ) =      0.00000
               (IF MULTIG=.T.)               (SMOOPK) =      0.00000
                                             (SMOOPL) =      0.00000
         CORRECTION SMOOTHING PARAMETERS     (SMOOCJ) =      0.00000
               (IF MULTIG=.T.)               (SMOOCK) =      0.00000
                                             (SMOOCL) =      0.00000
         RESIDUAL SMOOTHING PARAMETERS       (SMOORJ) =      0.00000
               (IF MULTIG=.T.)               (SMOORK) =      0.00000
                                             (SMOORL) =      0.00000
         USE VISCOUS TERMS ON COARSE LEVELS? (CORSVI) = T
         RECOMPUTE MU_T ON FINEST LEVEL?     (RECMUT) = F

    TIME STEP/ACCURACY PARAMETERS         ($TIMACU)
         TIME STEP SCALING OPTION FLAG (0-3) (ITIME ) =     4
         RELAXATION FACTOR OPTION FLAG (0-1) (IRELAX) =     0
         TIME STEP                           (DT    ) =  0.50000    
         FIRST/SECOND ORDER IN TIME (1-2)    (TFOSO ) =      1.00000
         MINIMUM CFL NUMBER                  (CFLMIN) =      2.00000
         MAXIMUM CFL NUMBER                  (CFLMAX) =     10.00000

    SPATIAL SMOOTHING/ACCURACY PARAMETERS ($SMOACU)
         SPECTRAL RAD SMOOTHING (-1,1,2,3)   (ISPECJ) =     2
                                             (ISPECK) =     2
                                             (ISPECL) =     2
         SPECTRAL RAD VS VEL SMOOTHING (0-1) (SMOO  ) =      0.00000
         2ND O SMOOTHING COEFS (ARC3D-TYPE)  (DIS2J ) =      0.00000
                                             (DIS2K ) =      0.00000
                                             (DIS2L ) =      0.00000
         4TH O SMOOTHING COEFS (ARC3D-TYPE)  (DIS4J ) =      0.02000
                                             (DIS4K ) =      0.02000
                                             (DIS4L ) =      0.02000
         CENTRAL DIFF SMOOTHING (F3D-TYPE)   (EPSE  ) =      0.05000
         LU-SGS SPECTRAL RADIUS EPSILON      (EPSSGS) =      0.02000
         ROE LIMITER FIX PARAMETER           (DELTA ) =      1.00000
         CONVECTION SPATIAL DIFF ORDER (1-6) (FSO   ) =      4.00000
         MATRIX DISSIPATION LINEAR LIMIT     (VEPSL ) =      0.00000
         MATRIX DISSIPATION NONLIN LIMIT     (VEPSN ) =      0.00000
         USE ROE AVERAGE IN MATRIX DISSIP?   (ROEAVG) = F
         SPATIAL FILTERING (0,3,5)           (FILTER) =     0

    VISCOUS/INVISCID FLAGS                ($VISINP)
         INCLUDE VISCOUS TERMS IN  J?        (VISCJ ) = T
                                   K?        (VISCK ) = T
                                   L?        (VISCL ) = T
         INCLUDE VISCOUS CROSS TERMS?        (VISCX ) = T
         QCR CONSTANT                        (CNL1  ) =      0.00000
         USE WALL FUNCTIONS FOR VISC WALLS? (WALLFUN) = F

    TURBULENT SURFACE SPECS               ($VISINP)
         NUMBER OF TURBULENT SURFACE SPECS   (NTURB ) =  -999

    TURBULENCE MODEL PARAMETERS           ($VISINP)
         ITERATIONS PER FLOW SOLVER ITERATION(ITERT ) =     1
         LEFT-HAND-SIDE SUBITERATIONS        (ITLHIT) =     3
         LOCAL TIME STEP CONSTANT            (CFLT  ) =      1.00000
         CONVECTION SPATIAL DIFF ORDER (1-3) (FSOT  ) =      2.00000
         TURB EDDY VISCOSITY LIMIT (0=NONE)(MUT_LIMIT)=  0.20000E+06
         USE DETACHED-EDDY SIMULATION   (0-3)(IDES  ) =     0
         ROTATIONAL/CURVATURE CORRECTION(0-2)(IRC   ) =     0
         COMPRESSIBILITY CORRECTION     (0-1)(ICC   ) =     0
         TEMPERATURE CORRECTION         (0-1)(ITC   ) =     0
         STRAIN/VORTICITY OPTION        (0-2)(ISTRAIN)=     0

    BOUNDARY CONDITION SPECS              ($BCINP )
         NUMBER OF BOUNDARY CONDITION SPECS  (NBC   ) =  -999

    SPECIES CONTINUITY EQN PARAMETERS     ($SCEINP)
         ITERATIONS PER FLOW SOLVER ITERATION(ITERC ) =     1
         LEFT-HAND-SIDE SUBITERATIONS        (ITLHIC) =     1
         LOCAL TIME STEP CONSTANT            (CFLC  ) =      1.00000
         UPWIND DIFFERENCING FLAG (0-2)      (IUPC  ) =     1
         CONVECTION SPATIAL DIFF ORDER (1-5) (FSOC  ) =      3.00000
         2ND O SMOOTHING COEF (ARC3D-TYPE)   (DIS2C ) =      2.00000
         4TH O SMOOTHING COEF (ARC3D-TYPE)   (DIS4C ) =      0.04000

 GRID SIZE FOR GRID     3:

    NUMBER OF POINTS IN J  (JD    ) =   101
                        K  (KD    ) =     3
                        L  (LD    ) =    88

 CHECKING TIME STEP SPECIFICATION FOR GRID     3:

    RUNNING NON-TIME-ACCURATE
    USING ROBUST TIME-STEP MODIFICATION
       WITH     CFLMIN =   2.0000    
       FOR MIN FACTOR OF  0.20000    
       (SET CFLMIN=CFLMAX TO DISABLE)

 CHECKING BOUNDARY CONDITIONS FOR GRID     3:

      1)  BOUNDARY CONDITION TYPE#    21     DIRECTION     2
       2D CONDITION IN Y, IN K
       DIR= 2    J-RANGE=    1  101    K-RANGE=    1    1    L-RANGE=    1   88

 CHECKING VISCOUS AND TURBULENCE MODELING SPECIFICATIONS FOR GRID     3:

    SPALART-ALLMARAS 1-EQUATION TURBULENCE MODEL SELECTED (SA-noft2)

 ** NOTE ** (VISCK) K-DIRECTION VISCOUS TERMS TURNED OFF BECAUSE
                    GRID IS 2D IN K.


    INCLUDE VISCOUS TERMS IN J-DIRECTION
    NO      VISCOUS TERMS IN K-DIRECTION
    INCLUDE VISCOUS TERMS IN L-DIRECTION
    NO      VISCOUS CROSS TERMS IN JK-DIRECTION
    INCLUDE VISCOUS CROSS TERMS IN JL-DIRECTION
    NO      VISCOUS CROSS TERMS IN KL-DIRECTION


 ** NOTE ** (FSOT) 1-EQ TURBULENCE MODELS HARD-WIRED TO 1ST-ORDER.

 INPUTS FOR GRID     4:

    GRID NAME                             ($GRDNAM)
         boxouter                            (NAME  )

    NUMBER OF TIME STEPS / ITERATIONS     ($NITERS)
         ITERATIONS PER STEP                 (ITER  ) =     1

    METHOD CONTROL PARAMETERS             ($METPRM)
         RIGHT-HAND-SIDE OPTION FLAG         (IRHS  ) =     0
         LEFT-HAND-SIDE OPTION FLAG          (ILHS  ) =     2
         LEFT-HAND-SIDE SUBITERATIONS        (ILHSIT) =     1
         DISSIPATION OPTION FLAG             (IDISS ) =     4
         UPWIND LIMITER OPTION FLAG          (ILIMIT) =     1
         LOW-MACH PRECONDITIONING PARAMETER  (BIMIN ) =   1.0000    
         SSOR RELAXATION FACTOR           (SSOR_RELAX)=      0.90000
         LOCAL MULTIGRID OPTION              (MULTIG) = F
         Q-UPDATE LIMITING                  (Q_LIMIT) = T
         PROLONGATION SMOOTHING PARAMETERS   (SMOOPJ) =      0.00000
               (IF MULTIG=.T.)               (SMOOPK) =      0.00000
                                             (SMOOPL) =      0.00000
         CORRECTION SMOOTHING PARAMETERS     (SMOOCJ) =      0.00000
               (IF MULTIG=.T.)               (SMOOCK) =      0.00000
                                             (SMOOCL) =      0.00000
         RESIDUAL SMOOTHING PARAMETERS       (SMOORJ) =      0.00000
               (IF MULTIG=.T.)               (SMOORK) =      0.00000
                                             (SMOORL) =      0.00000
         USE VISCOUS TERMS ON COARSE LEVELS? (CORSVI) = T
         RECOMPUTE MU_T ON FINEST LEVEL?     (RECMUT) = F

    TIME STEP/ACCURACY PARAMETERS         ($TIMACU)
         TIME STEP SCALING OPTION FLAG (0-3) (ITIME ) =     4
         RELAXATION FACTOR OPTION FLAG (0-1) (IRELAX) =     0
         TIME STEP                           (DT    ) =  0.50000    
         FIRST/SECOND ORDER IN TIME (1-2)    (TFOSO ) =      1.00000
         MINIMUM CFL NUMBER                  (CFLMIN) =      2.00000
         MAXIMUM CFL NUMBER                  (CFLMAX) =     10.00000

    SPATIAL SMOOTHING/ACCURACY PARAMETERS ($SMOACU)
         SPECTRAL RAD SMOOTHING (-1,1,2,3)   (ISPECJ) =     2
                                             (ISPECK) =     2
                                             (ISPECL) =     2
         SPECTRAL RAD VS VEL SMOOTHING (0-1) (SMOO  ) =      0.00000
         2ND O SMOOTHING COEFS (ARC3D-TYPE)  (DIS2J ) =      0.00000
                                             (DIS2K ) =      0.00000
                                             (DIS2L ) =      0.00000
         4TH O SMOOTHING COEFS (ARC3D-TYPE)  (DIS4J ) =      0.02000
                                             (DIS4K ) =      0.02000
                                             (DIS4L ) =      0.02000
         CENTRAL DIFF SMOOTHING (F3D-TYPE)   (EPSE  ) =      0.05000
         LU-SGS SPECTRAL RADIUS EPSILON      (EPSSGS) =      0.02000
         ROE LIMITER FIX PARAMETER           (DELTA ) =      1.00000
         CONVECTION SPATIAL DIFF ORDER (1-6) (FSO   ) =      4.00000
         MATRIX DISSIPATION LINEAR LIMIT     (VEPSL ) =      0.00000
         MATRIX DISSIPATION NONLIN LIMIT     (VEPSN ) =      0.00000
         USE ROE AVERAGE IN MATRIX DISSIP?   (ROEAVG) = F
         SPATIAL FILTERING (0,3,5)           (FILTER) =     0

    VISCOUS/INVISCID FLAGS                ($VISINP)
         INCLUDE VISCOUS TERMS IN  J?        (VISCJ ) = T
                                   K?        (VISCK ) = T
                                   L?        (VISCL ) = T
         INCLUDE VISCOUS CROSS TERMS?        (VISCX ) = T
         QCR CONSTANT                        (CNL1  ) =      0.00000
         USE WALL FUNCTIONS FOR VISC WALLS? (WALLFUN) = F

    TURBULENT SURFACE SPECS               ($VISINP)
         NUMBER OF TURBULENT SURFACE SPECS   (NTURB ) =  -999

    TURBULENCE MODEL PARAMETERS           ($VISINP)
         ITERATIONS PER FLOW SOLVER ITERATION(ITERT ) =     1
         LEFT-HAND-SIDE SUBITERATIONS        (ITLHIT) =     3
         LOCAL TIME STEP CONSTANT            (CFLT  ) =      1.00000
         CONVECTION SPATIAL DIFF ORDER (1-3) (FSOT  ) =      2.00000
         TURB EDDY VISCOSITY LIMIT (0=NONE)(MUT_LIMIT)=  0.20000E+06
         USE DETACHED-EDDY SIMULATION   (0-3)(IDES  ) =     0
         ROTATIONAL/CURVATURE CORRECTION(0-2)(IRC   ) =     0
         COMPRESSIBILITY CORRECTION     (0-1)(ICC   ) =     0
         TEMPERATURE CORRECTION         (0-1)(ITC   ) =     0
         STRAIN/VORTICITY OPTION        (0-2)(ISTRAIN)=     0

    BOUNDARY CONDITION SPECS              ($BCINP )
         NUMBER OF BOUNDARY CONDITION SPECS  (NBC   ) =  -999

    SPECIES CONTINUITY EQN PARAMETERS     ($SCEINP)
         ITERATIONS PER FLOW SOLVER ITERATION(ITERC ) =     1
         LEFT-HAND-SIDE SUBITERATIONS        (ITLHIC) =     1
         LOCAL TIME STEP CONSTANT            (CFLC  ) =      1.00000
         UPWIND DIFFERENCING FLAG (0-2)      (IUPC  ) =     1
         CONVECTION SPATIAL DIFF ORDER (1-5) (FSOC  ) =      3.00000
         2ND O SMOOTHING COEF (ARC3D-TYPE)   (DIS2C ) =      2.00000
         4TH O SMOOTHING COEF (ARC3D-TYPE)   (DIS4C ) =      0.04000

 GRID SIZE FOR GRID     4:

    NUMBER OF POINTS IN J  (JD    ) =   107
                        K  (KD    ) =     3
                        L  (LD    ) =   106

 CHECKING TIME STEP SPECIFICATION FOR GRID     4:

    RUNNING NON-TIME-ACCURATE
    USING ROBUST TIME-STEP MODIFICATION
       WITH     CFLMIN =   2.0000    
       FOR MIN FACTOR OF  0.20000    
       (SET CFLMIN=CFLMAX TO DISABLE)

 CHECKING BOUNDARY CONDITIONS FOR GRID     4:

      1)  BOUNDARY CONDITION TYPE#    47     DIRECTION     1
       FREESTREAM/CHARACTERISTIC CONDITION
       DIR= 1    J-RANGE=    1    1    K-RANGE=    1    3    L-RANGE=    1  106
      2)  BOUNDARY CONDITION TYPE#    30     DIRECTION    -1
       OUTFLOW (EXTRAPOLATION)
       DIR=-1    J-RANGE=  107  107    K-RANGE=    1    3    L-RANGE=    1  106
      3)  BOUNDARY CONDITION TYPE#    21     DIRECTION     2
       2D CONDITION IN Y, IN K
       DIR= 2    J-RANGE=    1  107    K-RANGE=    1    1    L-RANGE=    1  106
      4)  BOUNDARY CONDITION TYPE#    47     DIRECTION     3
       FREESTREAM/CHARACTERISTIC CONDITION
       DIR= 3    J-RANGE=    1  107    K-RANGE=    1    3    L-RANGE=    1    1
      5)  BOUNDARY CONDITION TYPE#    47     DIRECTION    -3
       FREESTREAM/CHARACTERISTIC CONDITION
       DIR=-3    J-RANGE=    1  107    K-RANGE=    1    3    L-RANGE=  106  106

 CHECKING VISCOUS AND TURBULENCE MODELING SPECIFICATIONS FOR GRID     4:

    SPALART-ALLMARAS 1-EQUATION TURBULENCE MODEL SELECTED (SA-noft2)

 ** NOTE ** (VISCK) K-DIRECTION VISCOUS TERMS TURNED OFF BECAUSE
                    GRID IS 2D IN K.


    INCLUDE VISCOUS TERMS IN J-DIRECTION
    NO      VISCOUS TERMS IN K-DIRECTION
    INCLUDE VISCOUS TERMS IN L-DIRECTION
    NO      VISCOUS CROSS TERMS IN JK-DIRECTION
    INCLUDE VISCOUS CROSS TERMS IN JL-DIRECTION
    NO      VISCOUS CROSS TERMS IN KL-DIRECTION


 GRID GROUPING:

   NEAR-BODY/OFF-BODY GRID LEVEL SUMMARY (before splitting):

          Level      #Grids     First      Last   #Grid-points   (%)  
    ------------------------------------------------------------------
    near-body   0         4         1         4         633600 (100.0)

    Target (weighted) near-body grid size from grouping:          633600
    Checking near-body grids...
    No near-body grids were split.

   GRID SPLITTING SUMMARY:

    No grids were split.

    Load balance will be based on grid size.

    Summary of work distribution for     1 groups:

    Group     Kpts      %load   Grid list
       1       634       100     1     2     4     3


  Force/moment integration will use FOMOCO.

    Reference condition     1 is associated with component     1 (ALL)

 ** WARNING ** MOMENT REF CTR FOR FOMOCO COMPONENT main
               IS LINKED TO COMPONENT ALL

 ** WARNING ** MOMENT REF CTR FOR FOMOCO COMPONENT flap
               IS LINKED TO COMPONENT ALL

    Read grid file -- grid.in

 ** ERROR ** GRID     1 IS NOT 2D IN K
             (X-, Z-OFFSET IS NOT ZERO OR Y-OFFSET IS NOT CONSTANT
             TO WITHIN  0.0001000 OF LOCAL CELL SIZE).

 STOP_ALL called from routine OVERST

