======================================================
           Output from MIXSUR version 2.0             
======================================================

 NREF,NSUBT,NSURF,NCOMP            1           2           2           3
 NINTED            0
Number of grids in input grid file      =        4
Number of grids used for integration    =        2
Number of integration surfaces          =        2
Number of integration subsets           =        2
Number of points in integration subsets =     3882
Number of points in max 2-D slice       =   127803

NU,NJB,NKB,NSBOX      1    38     1    38
NU,NJB,NKB,NSBOX      2    15     1    15
    1    1   0.918E+00   0.964E+00  -0.102E+01   0.102E+01  -0.590E-02   0.351E-01
    1    2   0.913E+00   0.938E+00  -0.102E+01   0.102E+01  -0.490E-02   0.379E-01
    1    3   0.879E+00   0.913E+00  -0.102E+01   0.102E+01  -0.221E-02   0.384E-01
    1    4   0.837E+00   0.880E+00  -0.102E+01   0.102E+01  -0.856E-02   0.378E-01
    1    5   0.784E+00   0.838E+00  -0.102E+01   0.102E+01  -0.245E-01   0.315E-01
    1    6   0.728E+00   0.785E+00  -0.102E+01   0.102E+01  -0.423E-01   0.155E-01
    1    7   0.671E+00   0.729E+00  -0.102E+01   0.102E+01  -0.575E-01  -0.230E-02
    1    8   0.614E+00   0.672E+00  -0.102E+01   0.102E+01  -0.703E-01  -0.175E-01
    1    9   0.556E+00   0.615E+00  -0.102E+01   0.102E+01  -0.805E-01  -0.302E-01
    1   10   0.498E+00   0.557E+00  -0.102E+01   0.102E+01  -0.883E-01  -0.405E-01
    1   11   0.439E+00   0.499E+00  -0.102E+01   0.102E+01  -0.936E-01  -0.483E-01
    1   12   0.380E+00   0.440E+00  -0.102E+01   0.102E+01  -0.966E-01  -0.536E-01
    1   13   0.322E+00   0.382E+00  -0.102E+01   0.102E+01  -0.974E-01  -0.566E-01
    1   14   0.263E+00   0.323E+00  -0.102E+01   0.102E+01  -0.973E-01  -0.557E-01
    1   15   0.204E+00   0.264E+00  -0.102E+01   0.102E+01  -0.957E-01  -0.520E-01
    1   16   0.146E+00   0.206E+00  -0.102E+01   0.102E+01  -0.920E-01  -0.463E-01
    1   17   0.902E-01   0.147E+00  -0.102E+01   0.102E+01  -0.863E-01  -0.382E-01
    1   18   0.461E-01   0.912E-01  -0.102E+01   0.102E+01  -0.782E-01  -0.273E-01
    1   19   0.144E-01   0.469E-01  -0.102E+01   0.102E+01  -0.673E-01  -0.109E-01
    1   20  -0.196E-01   0.347E-01  -0.102E+01   0.102E+01  -0.312E-01  -0.691E-02
    1   21  -0.200E-01   0.229E-01  -0.102E+01   0.102E+01  -0.739E-02   0.180E-01
    1   22  -0.171E-01   0.391E-01  -0.102E+01   0.102E+01   0.175E-01   0.443E-01
    1   23   0.187E-01   0.554E-01  -0.102E+01   0.102E+01   0.240E-01   0.803E-01
    1   24   0.546E-01   0.105E+00  -0.102E+01   0.102E+01   0.403E-01   0.905E-01
    1   25   0.104E+00   0.163E+00  -0.102E+01   0.102E+01   0.504E-01   0.979E-01
    1   26   0.162E+00   0.222E+00  -0.102E+01   0.102E+01   0.579E-01   0.103E+00
    1   27   0.221E+00   0.281E+00  -0.102E+01   0.102E+01   0.629E-01   0.106E+00
    1   28   0.280E+00   0.340E+00  -0.102E+01   0.102E+01   0.661E-01   0.108E+00
    1   29   0.338E+00   0.398E+00  -0.102E+01   0.102E+01   0.679E-01   0.108E+00
    1   30   0.397E+00   0.457E+00  -0.102E+01   0.102E+01   0.676E-01   0.108E+00
    1   31   0.456E+00   0.516E+00  -0.102E+01   0.102E+01   0.653E-01   0.108E+00
    1   32   0.515E+00   0.575E+00  -0.102E+01   0.102E+01   0.613E-01   0.105E+00
    1   33   0.574E+00   0.633E+00  -0.102E+01   0.102E+01   0.555E-01   0.101E+00
    1   34   0.632E+00   0.692E+00  -0.102E+01   0.102E+01   0.476E-01   0.955E-01
    1   35   0.690E+00   0.750E+00  -0.102E+01   0.102E+01   0.375E-01   0.876E-01
    1   36   0.748E+00   0.807E+00  -0.102E+01   0.102E+01   0.257E-01   0.775E-01
    1   37   0.806E+00   0.856E+00  -0.102E+01   0.102E+01   0.147E-01   0.657E-01
    1   38   0.855E+00   0.944E+00  -0.102E+01   0.102E+01   0.144E-01   0.349E-01
Total size of SUBOVL integer arrays allocated in no. of ints          0
Total size of SUBOVL real arrays allocated in no. of reals          0
Total number of boundary strings                  =    0
Total number of axis points                       =    0
 Number of sub-strings =            0
Total number of zippers for boundaries + polygons =     0
Total number of zipper grids                      =     0

Integration surface     1
           Area_x        Area_y        Area_z       abs(Area)  Fraction of total
Quads    0.21164E-15   0.00000E+00  -0.88818E-15   0.78764E+01   0.1000E+01
Tris     0.00000E+00   0.00000E+00   0.00000E+00   0.00000E+00   0.0000E+00
Total    0.21164E-15   0.00000E+00  -0.88818E-15   0.78764E+01

Integration surface     2
           Area_x        Area_y        Area_z       abs(Area)  Fraction of total
Quads   -0.19429E-15   0.00000E+00   0.00000E+00   0.26456E+01   0.1000E+01
Tris     0.00000E+00   0.00000E+00   0.00000E+00   0.00000E+00   0.0000E+00
Total   -0.19429E-15   0.00000E+00   0.00000E+00   0.26456E+01

Component     1  ALL                                                                             
           Area_x        Area_y        Area_z       abs(Area)  Fraction of total
Quads    0.17347E-16   0.00000E+00  -0.88818E-15   0.10522E+02   0.1000E+01
Tris     0.00000E+00   0.00000E+00   0.00000E+00   0.00000E+00   0.0000E+00
Total    0.17347E-16   0.00000E+00  -0.88818E-15   0.10522E+02

Component     2  main                                                                            
           Area_x        Area_y        Area_z       abs(Area)  Fraction of total
Quads    0.21164E-15   0.00000E+00  -0.88818E-15   0.78764E+01   0.1000E+01
Tris     0.00000E+00   0.00000E+00   0.00000E+00   0.00000E+00   0.0000E+00
Total    0.21164E-15   0.00000E+00  -0.88818E-15   0.78764E+01

Component     3  flap                                                                            
           Area_x        Area_y        Area_z       abs(Area)  Fraction of total
Quads   -0.19429E-15   0.00000E+00   0.00000E+00   0.26456E+01   0.1000E+01
Tris     0.00000E+00   0.00000E+00   0.00000E+00   0.00000E+00   0.0000E+00
Total   -0.19429E-15   0.00000E+00   0.00000E+00   0.26456E+01

 NCALL =            0
 TTOT =    0.0000000000000000     
